<?xml version="1.0" encoding="UTF-8"?>
<testsuite xmlns:xsi="http://www.w3.org/2001/XMLSchema-instance" xsi:noNamespaceSchemaLocation="https://maven.apache.org/surefire/maven-surefire-plugin/xsd/surefire-test-report-3.0.xsd" version="3.0" name="com.example.PFA_2026.Pfa2026ApplicationTests" time="12.826" tests="1" errors="0" skipped="0" failures="0">
  <properties>
[...]
</properties>
  <testcase name="contextLoads" classname="com.example.PFA_2026.Pfa2026ApplicationTests" time="0.944">
    <system-out><![CDATA[22:33:39.287 [main] INFO org.springframework.test.context.support.AnnotationConfigContextLoaderUtils -- Could not detect default configuration classes for test class [com.example.PFA_2026.Pfa2026ApplicationTests]: Pfa2026ApplicationTests does not declare any static, non-private, non-final, nested classes annotated with @Configuration.
22:33:39.476 [main] INFO org.springframework.boot.test.context.SpringBootTestContextBootstrapper -- Found @SpringBootConfiguration com.example.PFA_2026.Pfa2026Application for test class com.example.PFA_2026.Pfa2026ApplicationTests

  .   ____          _            __ _ _
 /\\ / ___'_ __ _ _(_)_ __  __ _ \ \ \ \
( ( )\___ | '_ | '_| | '_ \/ _` | \ \ \ \
 \\/  ___)| |_)| | | | | || (_| |  ) ) ) )
  '  |____| .__|_| |_|_| |_\__, | / / / /
 =========|_|==============|___/=/_/_/_/

 :: Spring Boot ::                (v3.3.5)

2026-05-10T22:33:40.240+01:00  INFO 297434 --- [PFA-2026] [           main] c.e.PFA_2026.Pfa2026ApplicationTests     : Starting Pfa2026ApplicationTests using Java 17.0.19 with PID 297434 (started by thor in /home/thor/software/PFA-2026/backend)
2026-05-10T22:33:40.242+01:00  INFO 297434 --- [PFA-2026] [           main] c.e.PFA_2026.Pfa2026ApplicationTests     : No active profile set, falling back to 1 default profile: "default"
2026-05-10T22:33:42.152+01:00  INFO 297434 --- [PFA-2026] [           main] .s.d.r.c.RepositoryConfigurationDelegate : Bootstrapping Spring Data JPA repositories in DEFAULT mode.
2026-05-10T22:33:42.359+01:00  INFO 297434 --- [PFA-2026] [           main] .s.d.r.c.RepositoryConfigurationDelegate : Finished Spring Data repository scanning in 197 ms. Found 9 JPA repository interfaces.
2026-05-10T22:33:43.675+01:00  INFO 297434 --- [PFA-2026] [           main] o.hibernate.jpa.internal.util.LogHelper  : HHH000204: Processing PersistenceUnitInfo [name: default]
2026-05-10T22:33:43.753+01:00  INFO 297434 --- [PFA-2026] [           main] org.hibernate.Version                    : HHH000412: Hibernate ORM core version 6.5.3.Final
2026-05-10T22:33:43.809+01:00  INFO 297434 --- [PFA-2026] [           main] o.h.c.internal.RegionFactoryInitiator    : HHH000026: Second-level cache disabled
2026-05-10T22:33:44.357+01:00  INFO 297434 --- [PFA-2026] [           main] o.s.o.j.p.SpringPersistenceUnitInfo      : No LoadTimeWeaver setup: ignoring JPA class transformer
2026-05-10T22:33:44.407+01:00  INFO 297434 --- [PFA-2026] [           main] com.zaxxer.hikari.HikariDataSource       : HikariPool-1 - Starting...
2026-05-10T22:33:44.560+01:00  INFO 297434 --- [PFA-2026] [           main] com.zaxxer.hikari.pool.HikariPool        : HikariPool-1 - Added connection org.postgresql.jdbc.PgConnection@71b0289b
2026-05-10T22:33:44.566+01:00  INFO 297434 --- [PFA-2026] [           main] com.zaxxer.hikari.HikariDataSource       : HikariPool-1 - Start completed.
2026-05-10T22:33:47.128+01:00  INFO 297434 --- [PFA-2026] [           main] o.h.e.t.j.p.i.JtaPlatformInitiator       : HHH000489: No JTA platform available (set 'hibernate.transaction.jta.platform' to enable JTA platform integration)
Hibernate: 
    alter table if exists applications 
       drop constraint if exists FKawuu01ou28l0903avu0nwx058
Hibernate: 
    alter table if exists attendances 
       drop constraint if exists FK2mia0pcnmy2nddwedvfrt0w08
Hibernate: 
    alter table if exists departments 
       drop constraint if exists FKepl87ydg3mti325w59i09esur
Hibernate: 
    alter table if exists employees 
       drop constraint if exists FKgy4qe3dnqrm3ktd76sxp7n4c2
Hibernate: 
    alter table if exists employees 
       drop constraint if exists FKi4365uo9af35g7jtbc2rteukt
Hibernate: 
    alter table if exists employees 
       drop constraint if exists FKngcpgx7fx5kednw3m7u0u8of3
Hibernate: 
    alter table if exists employees 
       drop constraint if exists FK69x3vjuy1t5p18a5llb8h2fjx
Hibernate: 
    alter table if exists job_offers 
       drop constraint if exists FKdgqpdh21wigic3t0ols8a1auj
Hibernate: 
    alter table if exists job_offers 
       drop constraint if exists FKpr6qmey4lp99wevqp8i994p4s
Hibernate: 
    alter table if exists leave_requests 
       drop constraint if exists FKtcrjrh1gt06xk99n2sx4ur0o9
Hibernate: 
    alter table if exists leave_requests 
       drop constraint if exists FKrxff2xg1kffbjfh5maxwoqyhw
Hibernate: 
    alter table if exists payrolls 
       drop constraint if exists FKiyfp8uysuhgfkod3xcdhjm7qf
Hibernate: 
    alter table if exists positions 
       drop constraint if exists FK7lkgjivwf8cd9o6s4h0ule242
Hibernate: 
    drop table if exists applications cascade
Hibernate: 
    drop table if exists attendances cascade
Hibernate: 
    drop table if exists departments cascade
Hibernate: 
    drop table if exists employees cascade
Hibernate: 
    drop table if exists job_offers cascade
Hibernate: 
    drop table if exists leave_requests cascade
Hibernate: 
    drop table if exists payrolls cascade
Hibernate: 
    drop table if exists positions cascade
Hibernate: 
    drop table if exists users cascade
Hibernate: 
    create table applications (
        applied_at timestamp(6) not null,
        created_at timestamp(6),
        id bigint generated by default as identity,
        job_offer_id bigint not null,
        updated_at timestamp(6),
        candidate_email varchar(255) not null,
        candidate_name varchar(255) not null,
        candidate_phone varchar(255),
        cover_letter TEXT,
        cv_url varchar(255),
        notes TEXT,
        status varchar(255) not null check (status in ('RECU','EN_COURS','ENTRETIEN','ACCEPTE','REFUSE')),
        primary key (id)
    )
Hibernate: 
    create table attendances (
        check_in time(6) not null,
        check_out time(6),
        date date not null,
        hours_worked float(53),
        created_at timestamp(6),
        employee_id bigint not null,
        id bigint generated by default as identity,
        updated_at timestamp(6),
        notes TEXT,
        status varchar(255) not null check (status in ('PRESENT','ABSENT','RETARD','DEMI_JOURNEE')),
        primary key (id),
        unique (employee_id, date)
    )
Hibernate: 
    create table departments (
        created_at timestamp(6),
        head_employee_id bigint,
        id bigint generated by default as identity,
        updated_at timestamp(6),
        description TEXT,
        name varchar(255) not null unique,
        primary key (id)
    )
Hibernate: 
    create table employees (
        base_salary numeric(10,2),
        date_of_birth date,
        hire_date date not null,
        created_at timestamp(6),
        department_id bigint,
        id bigint generated by default as identity,
        manager_id bigint,
        position_id bigint,
        updated_at timestamp(6),
        user_id bigint unique,
        address varchar(255),
        cin varchar(255),
        contract_type varchar(255) check (contract_type in ('CDI','CDD','STAGE','FREELANCE')),
        email varchar(255) not null unique,
        first_name varchar(255) not null,
        last_name varchar(255) not null,
        phone varchar(255),
        status varchar(255) not null check (status in ('ACTIF','INACTIF','EN_CONGE','SUSPENDU')),
        primary key (id)
    )
Hibernate: 
    create table job_offers (
        closing_date date,
        created_at timestamp(6),
        department_id bigint,
        id bigint generated by default as identity,
        position_id bigint,
        updated_at timestamp(6),
        contract_type varchar(255) check (contract_type in ('CDI','CDD','STAGE','FREELANCE')),
        description TEXT,
        required_skills TEXT,
        status varchar(255) not null check (status in ('OUVERT','FERME','ANNULE')),
        title varchar(255) not null,
        primary key (id)
    )
Hibernate: 
    create table leave_requests (
        end_date date not null,
        start_date date not null,
        approved_at timestamp(6),
        approved_by_id bigint,
        created_at timestamp(6),
        employee_id bigint not null,
        id bigint generated by default as identity,
        updated_at timestamp(6),
        comments TEXT,
        reason TEXT,
        status varchar(255) not null check (status in ('EN_ATTENTE','APPROUVE','REJETE')),
        type varchar(255) not null check (type in ('CONGE_PAYE','MALADIE','MATERNITE','SANS_SOLDE','AUTRE')),
        primary key (id)
    )
Hibernate: 
    create table payrolls (
        amo numeric(10,2),
        base_salary numeric(10,2) not null,
        bonuses numeric(10,2),
        cnss numeric(10,2),
        deductions numeric(10,2),
        ir numeric(10,2),
        month integer not null,
        net_salary numeric(10,2) not null,
        year integer not null,
        created_at timestamp(6),
        employee_id bigint not null,
        id bigint generated by default as identity,
        paid_at timestamp(6),
        updated_at timestamp(6),
        status varchar(255) not null check (status in ('BROUILLON','VALIDE','PAYE')),
        primary key (id),
        unique (employee_id, month, year)
    )
Hibernate: 
    create table positions (
        created_at timestamp(6),
        department_id bigint not null,
        id bigint generated by default as identity,
        updated_at timestamp(6),
        description TEXT,
        title varchar(255) not null,
        primary key (id)
    )
Hibernate: 
    create table users (
        created_at timestamp(6),
        id bigint generated by default as identity,
        updated_at timestamp(6),
        email varchar(255) not null unique,
        password varchar(255) not null,
        role varchar(255) not null check (role in ('ADMIN','RH','MANAGER','EMPLOYEE')),
        primary key (id)
    )
Hibernate: 
    alter table if exists applications 
       add constraint FKawuu01ou28l0903avu0nwx058 
       foreign key (job_offer_id) 
       references job_offers
Hibernate: 
    alter table if exists attendances 
       add constraint FK2mia0pcnmy2nddwedvfrt0w08 
       foreign key (employee_id) 
       references employees
Hibernate: 
    alter table if exists departments 
       add constraint FKepl87ydg3mti325w59i09esur 
       foreign key (head_employee_id) 
       references employees
Hibernate: 
    alter table if exists employees 
       add constraint FKgy4qe3dnqrm3ktd76sxp7n4c2 
       foreign key (department_id) 
       references departments
Hibernate: 
    alter table if exists employees 
       add constraint FKi4365uo9af35g7jtbc2rteukt 
       foreign key (manager_id) 
       references employees
Hibernate: 
    alter table if exists employees 
       add constraint FKngcpgx7fx5kednw3m7u0u8of3 
       foreign key (position_id) 
       references positions
Hibernate: 
    alter table if exists employees 
       add constraint FK69x3vjuy1t5p18a5llb8h2fjx 
       foreign key (user_id) 
       references users
Hibernate: 
    alter table if exists job_offers 
       add constraint FKdgqpdh21wigic3t0ols8a1auj 
       foreign key (department_id) 
       references departments
Hibernate: 
    alter table if exists job_offers 
       add constraint FKpr6qmey4lp99wevqp8i994p4s 
       foreign key (position_id) 
       references positions
Hibernate: 
    alter table if exists leave_requests 
       add constraint FKtcrjrh1gt06xk99n2sx4ur0o9 
       foreign key (approved_by_id) 
       references employees
Hibernate: 
    alter table if exists leave_requests 
       add constraint FKrxff2xg1kffbjfh5maxwoqyhw 
       foreign key (employee_id) 
       references employees
Hibernate: 
    alter table if exists payrolls 
       add constraint FKiyfp8uysuhgfkod3xcdhjm7qf 
       foreign key (employee_id) 
       references employees
Hibernate: 
    alter table if exists positions 
       add constraint FK7lkgjivwf8cd9o6s4h0ule242 
       foreign key (department_id) 
       references departments
2026-05-10T22:33:47.342+01:00  INFO 297434 --- [PFA-2026] [           main] j.LocalContainerEntityManagerFactoryBean : Initialized JPA EntityManagerFactory for persistence unit 'default'
2026-05-10T22:33:48.087+01:00  INFO 297434 --- [PFA-2026] [           main] o.s.d.j.r.query.QueryEnhancerFactory     : Hibernate is in classpath; If applicable, HQL parser will be used.
2026-05-10T22:33:49.105+01:00  INFO 297434 --- [PFA-2026] [           main] eAuthenticationProviderManagerConfigurer : Global AuthenticationManager configured with AuthenticationProvider bean with name authenticationProvider
2026-05-10T22:33:49.106+01:00  WARN 297434 --- [PFA-2026] [           main] r$InitializeUserDetailsManagerConfigurer : Global AuthenticationManager configured with an AuthenticationProvider bean. UserDetailsService beans will not be used for username/password login. Consider removing the AuthenticationProvider bean. Alternatively, consider using the UserDetailsService in a manually instantiated DaoAuthenticationProvider.
2026-05-10T22:33:49.500+01:00  WARN 297434 --- [PFA-2026] [           main] JpaBaseConfiguration$JpaWebConfiguration : spring.jpa.open-in-view is enabled by default. Therefore, database queries may be performed during view rendering. Explicitly configure spring.jpa.open-in-view to disable this warning
2026-05-10T22:33:50.886+01:00  INFO 297434 --- [PFA-2026] [           main] c.e.PFA_2026.Pfa2026ApplicationTests     : Started Pfa2026ApplicationTests in 11.146 seconds (process running for 12.874)
]]></system-out>
  </testcase>
</testsuite>